c:\users\gsmanager\desktop\sabtusengine\sabtusengine\x64\debug\main.obj
c:\users\gsmanager\desktop\sabtusengine\sabtusengine\x64\debug\winapp.obj
c:\users\gsmanager\desktop\sabtusengine\sabtusengine\x64\debug\matrix4x4.obj
c:\users\gsmanager\desktop\sabtusengine\sabtusengine\x64\debug\imgui.obj
c:\users\gsmanager\desktop\sabtusengine\sabtusengine\x64\debug\matrix3x3.obj
c:\users\gsmanager\desktop\sabtusengine\sabtusengine\x64\debug\imgui_impl_win32.obj
c:\users\gsmanager\desktop\sabtusengine\sabtusengine\x64\debug\imgui_impl_dx12.obj
c:\users\gsmanager\desktop\sabtusengine\sabtusengine\x64\debug\vector4.obj
c:\users\gsmanager\desktop\sabtusengine\sabtusengine\x64\debug\imgui_widgets.obj
c:\users\gsmanager\desktop\sabtusengine\sabtusengine\x64\debug\imgui_draw.obj
c:\users\gsmanager\desktop\sabtusengine\sabtusengine\x64\debug\imgui_tables.obj
c:\users\gsmanager\desktop\sabtusengine\sabtusengine\x64\debug\vector3.obj
c:\users\gsmanager\desktop\sabtusengine\sabtusengine\x64\debug\imgui_demo.obj
c:\users\gsmanager\desktop\sabtusengine\sabtusengine\x64\debug\vector2.obj
c:\users\gsmanager\desktop\sabtusengine\sabtusengine\x64\debug\dxswapchain.obj
c:\users\gsmanager\desktop\sabtusengine\sabtusengine\x64\debug\texturemanager.obj
c:\users\gsmanager\desktop\sabtusengine\sabtusengine\x64\debug\model.obj
c:\users\gsmanager\desktop\sabtusengine\sabtusengine\x64\debug\spritecommon.obj
c:\users\gsmanager\desktop\sabtusengine\sabtusengine\x64\debug\dxfence.obj
c:\users\gsmanager\desktop\sabtusengine\sabtusengine\x64\debug\stringutility.obj
c:\users\gsmanager\desktop\sabtusengine\sabtusengine\x64\debug\sprite.obj
c:\users\gsmanager\desktop\sabtusengine\sabtusengine\x64\debug\directxcommon.obj
c:\users\gsmanager\desktop\sabtusengine\sabtusengine\x64\debug\dxdevice.obj
c:\users\gsmanager\desktop\sabtusengine\sabtusengine\x64\debug\object3dcommon.obj
c:\users\gsmanager\desktop\sabtusengine\sabtusengine\x64\debug\dxshader.obj
c:\users\gsmanager\desktop\sabtusengine\sabtusengine\x64\debug\object3d.obj
c:\users\gsmanager\desktop\sabtusengine\sabtusengine\x64\debug\directx12objectsfunction.obj
c:\users\gsmanager\desktop\sabtusengine\sabtusengine\x64\debug\logger.obj
c:\users\gsmanager\desktop\sabtusengine\sabtusengine\x64\debug\dxcommand.obj
c:\users\gsmanager\desktop\sabtusengine\sabtusengine\x64\debug\modelmanager.obj
c:\users\gsmanager\desktop\sabtusengine\sabtusengine\x64\debug\vc143.pdb
c:\users\gsmanager\desktop\sabtusengine\x64\debug\sabtusengine.exe
c:\users\gsmanager\desktop\sabtusengine\x64\debug\sabtusengine.pdb
c:\users\gsmanager\desktop\sabtusengine\sabtusengine\x64\debug\sabtusengine.ilk
c:\users\gsmanager\desktop\sabtusengine\sabtusengine\x64\debug\dxpipelinestateobject.obj
c:\users\gsmanager\desktop\sabtusengine\sabtusengine\x64\debug\dxrootsignature.obj
c:\users\gsmanager\desktop\sabtusengine\sabtusengine\x64\debug\dxshadermanager.obj
c:\users\gsmanager\desktop\sabtusengine\sabtusengine\x64\debug\directx12objectsfunction.obj.enc
c:\users\gsmanager\desktop\sabtusengine\sabtusengine\x64\debug\dxpipelinestateobject.obj.enc
c:\users\gsmanager\desktop\sabtusengine\sabtusengine\x64\debug\dxrootsignature.obj.enc
c:\users\gsmanager\desktop\sabtusengine\sabtusengine\x64\debug\main.obj.enc
c:\users\gsmanager\desktop\sabtusengine\sabtusengine\x64\debug\texturemanager.obj.enc
c:\users\gsmanager\desktop\sabtusengine\sabtusengine\x64\debug\vc143.idb
c:\users\gsmanager\desktop\sabtusengine\sabtusengine\x64\debug\sabtusengine.tlog\cl.command.1.tlog
c:\users\gsmanager\desktop\sabtusengine\sabtusengine\x64\debug\sabtusengine.tlog\cl.items.tlog
c:\users\gsmanager\desktop\sabtusengine\sabtusengine\x64\debug\sabtusengine.tlog\cl.read.1.tlog
c:\users\gsmanager\desktop\sabtusengine\sabtusengine\x64\debug\sabtusengine.tlog\cl.write.1.tlog
c:\users\gsmanager\desktop\sabtusengine\sabtusengine\x64\debug\sabtusengine.tlog\fxc.command.1.tlog
c:\users\gsmanager\desktop\sabtusengine\sabtusengine\x64\debug\sabtusengine.tlog\link.command.1.tlog
c:\users\gsmanager\desktop\sabtusengine\sabtusengine\x64\debug\sabtusengine.tlog\link.read.1.tlog
c:\users\gsmanager\desktop\sabtusengine\sabtusengine\x64\debug\sabtusengine.tlog\link.secondary.1.tlog
c:\users\gsmanager\desktop\sabtusengine\sabtusengine\x64\debug\sabtusengine.tlog\link.write.1.tlog
